#
# A fatal error has been detected by the Java Runtime Environment:
#
#  EXCEPTION_ACCESS_VIOLATION (0xc0000005) at pc=0x00007ffafa2f39d7, pid=3140, tid=17240
#
# JRE version: Java(TM) SE Runtime Environment (17.0.3.1+2) (build 17.0.3.1+2-LTS-6)
# Java VM: Java HotSpot(TM) 64-Bit Server VM (17.0.3.1+2-LTS-6, mixed mode, emulated-client, sharing, tiered, compressed oops, compressed class ptrs, g1 gc, windows-amd64)
# Problematic frame:
# V  [jvm.dll+0x3039d7]
#
# No core dump will be written. Minidumps are not enabled by default on client versions of Windows
#
# If you would like to submit a bug report, please visit:
#   https://bugreport.java.com/bugreport/crash.jsp
#

---------------  S U M M A R Y ------------

Command Line: -XX:TieredStopAtLevel=1 -Xverify:none -Dspring.output.ansi.enabled=always -Dcom.sun.management.jmxremote -Dspring.jmx.enabled=true -Dspring.liveBeansView.mbeanDomain -Dspring.application.admin.enabled=true -javaagent:C:\Program Files\JetBrains\IntelliJ IDEA 2022.1.2\lib\idea_rt.jar=54889:C:\Program Files\JetBrains\IntelliJ IDEA 2022.1.2\bin -Dfile.encoding=UTF-8 com.soloveva.spring.springboot.spring_course_springboot.SpringCourseSpringBootApplication

Host: Intel(R) Core(TM) i5-5200U CPU @ 2.20GHz, 4 cores, 9G,  Windows 10 , 64 bit Build 19041 (10.0.19041.2364)
Time: Sun Dec 18 20:42:32 2022 RTZ 2 (s 10 , 64 bit Build 19041 (10.0.19041.2364) elapsed time: 731.862574 seconds (0d 0h 12m 11s)

---------------  T H R E A D  ---------------

Current thread (0x000001838bed1040):  GCTaskThread "GC Thread#1" [stack: 0x0000006baa000000,0x0000006baa100000] [id=17240]

Stack: [0x0000006baa000000,0x0000006baa100000],  sp=0x0000006baa0ff9d0,  free space=1022k
Native frames: (J=compiled Java code, j=interpreted, Vv=VM code, C=native code)
V  [jvm.dll+0x3039d7]
V  [jvm.dll+0x2d716f]
V  [jvm.dll+0x2d797a]
V  [jvm.dll+0x2d7a77]
V  [jvm.dll+0x2dd02b]
V  [jvm.dll+0x7fddfb]
V  [jvm.dll+0x7fde46]
V  [jvm.dll+0x780aca]
V  [jvm.dll+0x670045]
C  [ucrtbase.dll+0x21bb2]
C  [KERNEL32.DLL+0x17614]
C  [ntdll.dll+0x526a1]


siginfo: EXCEPTION_ACCESS_VIOLATION (0xc0000005), reading address 0x0000000000100000


Register to memory mapping:

RIP=0x00007ffafa2f39d7 jvm.dll
RAX=0x0 is NULL
RBX=0x0000000763491a51 is pointing into object: [Ljava.util.HashMap$Node; 
{0x0000000763491a08} - klass: 'java/util/HashMap$Node'[]
 - length: 16
RCX=0x0000000000000015 is an unknown value
RDX=0x0 is NULL
RSP=0x0000006baa0ff9d0 points into unknown readable memory: 0x0000000765d50000 | 00 00 d5 65 07 00 00 00
RBP=0x0000000000000c99 is an unknown value
RSI=0x0000000763491a50 is pointing into object: [Ljava.util.HashMap$Node; 
{0x0000000763491a08} - klass: 'java/util/HashMap$Node'[]
 - length: 16
RDI=0x000001838dd01fa0 points into unknown readable memory: 0x00007ffafa8e5508 | 08 55 8e fa fa 7f 00 00
R8 =0x0000000763491a58 is an oop: java.util.HashMap$Node 
{0x0000000763491a58} - klass: 'java/util/HashMap$Node'
 - ---- fields (total size 4 words):
 - final 'hash' 'I' @12  1174491343 (460150cf)
 - final 'key' 'Ljava/lang/Object;' @16  "os.version"{0x0000000761867198} (ec30ce33)
 - 'value' 'Ljava/lang/Object;' @20  a 'java/lang/Object'{0x00000007617d51e0} (ec2faa3c)
 - 'next' 'Ljava/util/HashMap$Node;' @24  NULL (0)
R9 =0x0000000761867198 is an oop: java.lang.String 
{0x0000000761867198} - klass: 'java/lang/String'
 - string: "os.version"
R10=0x0000000000100000 is an unknown value
R11=0x0000000000000001 is an unknown value
R12=0x000001838af3c6e8 points into unknown readable memory: 0x0000000000000000 | 00 00 00 00 00 00 00 00
R13=0x0000006baa0ffb00 points into unknown readable memory: 0x00007ffafa8decf8 | f8 ec 8d fa fa 7f 00 00
R14=0x0 is NULL
R15=0x0 is NULL


Registers:
RAX=0x0000000000000000, RBX=0x0000000763491a51, RCX=0x0000000000000015, RDX=0x0000000000000000
RSP=0x0000006baa0ff9d0, RBP=0x0000000000000c99, RSI=0x0000000763491a50, RDI=0x000001838dd01fa0
R8 =0x0000000763491a58, R9 =0x0000000761867198, R10=0x0000000000100000, R11=0x0000000000000001
R12=0x000001838af3c6e8, R13=0x0000006baa0ffb00, R14=0x0000000000000000, R15=0x0000000000000000
RIP=0x00007ffafa2f39d7, EFLAGS=0x0000000000010246

Top of Stack: (sp=0x0000006baa0ff9d0)
0x0000006baa0ff9d0:   0000000765d50000 0000000000000001
0x0000006baa0ff9e0:   0000000000000008 0000000000000001
0x0000006baa0ff9f0:   000001838af3c310 000001838dd01fa0
0x0000006baa0ffa00:   0000006ba91fed00 0000000000000013
0x0000006baa0ffa10:   0000006baa0ffa80 00007ffafa2c716f
0x0000006baa0ffa20:   000001838af3c6e8 0000000000000000
0x0000006baa0ffa30:   0000000000000012 00007ffa00000000
0x0000006baa0ffa40:   0000000000000004 00007ffafa2e81f7
0x0000006baa0ffa50:   0000000000000000 0000000000000000
0x0000006baa0ffa60:   0000006baa0f0000 00007ffafa77f04e
0x0000006baa0ffa70:   0000000000000000 0000000000000000
0x0000006baa0ffa80:   000001838af3c310 000001838bede870
0x0000006baa0ffa90:   00000000000003d8 000001838af3c6e8
0x0000006baa0ffaa0:   0000006ba91fed70 0000000000000013
0x0000006baa0ffab0:   0000000000000000 00007ffafa2c797a
0x0000006baa0ffac0:   00000183f65ac1e0 000001838dd01fa0 

Instructions: (pc=0x00007ffafa2f39d7)
0x00007ffafa2f38d7:   fd ff ff 48 8d 53 fe 48 8b cf e8 6a f4 ff ff e9
0x00007ffafa2f38e7:   35 fd ff ff 0f 1f 44 00 00 48 8b 77 10 8b ae 80
0x00007ffafa2f38f7:   00 00 00 8b cd 8b 86 00 01 00 00 2b c8 81 e1 ff
0x00007ffafa2f3907:   ff 01 00 41 3b ce 0f 86 e7 02 00 00 ff cd 81 e5
0x00007ffafa2f3917:   ff ff 01 00 89 ae 80 00 00 00 e8 7a eb 35 00 8b
0x00007ffafa2f3927:   86 00 01 00 00 8b cd 48 8b 9e 80 01 00 00 2b c8
0x00007ffafa2f3937:   81 e1 ff ff 01 00 8b d5 81 f9 ff ff 01 00 48 8b
0x00007ffafa2f3947:   1c eb 41 0f 44 cf 85 c9 75 3c 48 8b 86 00 01 00
0x00007ffafa2f3957:   00 48 8b c8 89 6c 24 50 48 c1 e9 20 ff c1 89 4c
0x00007ffafa2f3967:   24 54 3b e8 0f 85 77 02 00 00 48 c1 e1 20 48 0b
0x00007ffafa2f3977:   ca f0 48 0f b1 8e 00 01 00 00 0f 85 61 02 00 00
0x00007ffafa2f3987:   8b 86 00 01 00 00 f6 c3 01 0f 84 2f 01 00 00 8b
0x00007ffafa2f3997:   0d 1c f9 77 00 48 8d 73 ff 48 8b 47 08 44 8b 16
0x00007ffafa2f39a7:   49 d3 e2 4c 03 15 ff f8 77 00 8b 88 90 05 00 00
0x00007ffafa2f39b7:   49 8b d2 48 8b 80 80 05 00 00 48 d3 ea 0f b7 14
0x00007ffafa2f39c7:   50 0f b7 c2 66 c1 e8 08 84 c0 0f 88 19 ff ff ff
0x00007ffafa2f39d7:   4d 8b 02 41 0f b6 c0 24 03 3c 03 75 1e 44 38 3d
0x00007ffafa2f39e7:   39 70 7e 00 74 0f 41 0f b6 c0 24 07 3c 05 75 05
0x00007ffafa2f39f7:   4d 8b c7 eb 17 49 83 e0 fc eb 11 4d 8b c8 48 8b
0x00007ffafa2f3a07:   cf 4d 8b c2 e8 a0 ee ff ff 4c 8b c0 8b 0d 9f f8
0x00007ffafa2f3a17:   77 00 49 8b d0 48 2b 15 8d f8 77 00 48 d3 ea 89
0x00007ffafa2f3a27:   16 49 8b d0 8b 0d 4f 79 7e 00 48 33 d6 48 d3 ea
0x00007ffafa2f3a37:   48 85 d2 0f 84 b0 fe ff ff 48 8b 47 08 48 8b d6
0x00007ffafa2f3a47:   8b 88 c0 01 00 00 48 8b 80 b0 01 00 00 48 d3 ea
0x00007ffafa2f3a57:   48 8b 0c d0 8b 81 94 00 00 00 d1 e8 a8 01 0f 85
0x00007ffafa2f3a67:   85 fe ff ff 48 8b 47 08 8b 88 90 05 00 00 48 8b
0x00007ffafa2f3a77:   80 80 05 00 00 49 d3 e8 46 38 3c 40 0f 84 67 fe
0x00007ffafa2f3a87:   ff ff 48 8b 47 60 48 c1 ee 09 48 8b 58 40 48 8b
0x00007ffafa2f3a97:   48 38 48 03 de 48 2b d9 48 39 9f b0 01 00 00 0f
0x00007ffafa2f3aa7:   84 44 fe ff ff 48 8d 14 0b 48 8d 4f 18 e8 a7 40
0x00007ffafa2f3ab7:   00 00 48 89 9f b0 01 00 00 e9 2b fe ff ff f6 c3
0x00007ffafa2f3ac7:   03 0f 85 09 01 00 00 48 8b 47 08 4c 8b 13 49 8b 


Stack slot to memory mapping:
stack at sp + 0 slots: 0x0000000765d50000 is pointing into object: java.util.HashSet 
{0x0000000765d4fff8} - klass: 'java/util/HashSet'
 - ---- fields (total size 2 words):
 - private transient 'map' 'Ljava/util/HashMap;' @12  a 'java/util/HashMap'{0x0000000765d50008} (ecbaa001)
stack at sp + 1 slots: 0x0000000000000001 is an unknown value
stack at sp + 2 slots: 0x0000000000000008 is an unknown value
stack at sp + 3 slots: 0x0000000000000001 is an unknown value
stack at sp + 4 slots: 0x000001838af3c310 points into unknown readable memory: 0x000001838e3480a4 | a4 80 34 8e 83 01 00 00
stack at sp + 5 slots: 0x000001838dd01fa0 points into unknown readable memory: 0x00007ffafa8e5508 | 08 55 8e fa fa 7f 00 00
stack at sp + 6 slots: 0x0000006ba91fed00 points into unknown readable memory: 0x0000000000000000 | 00 00 00 00 00 00 00 00
stack at sp + 7 slots: 0x0000000000000013 is an unknown value


---------------  P R O C E S S  ---------------

Threads class SMR info:
_java_thread_list=0x00000183900b21e0, length=25, elements={
0x000001838aeefcc0, 0x000001838aef11e0, 0x000001838aeff100, 0x000001838af029e0,
0x000001838af032a0, 0x000001838af03b60, 0x000001838af08470, 0x000001838af04420,
0x000001838b960670, 0x000001838bd089d0, 0x000001838bd0b100, 0x000001838be7c3d0,
0x000001838c170a50, 0x000001838dbf3fa0, 0x000001838dbf4940, 0x000001838fc2aef0,
0x000001838fc2e8b0, 0x000001838fc2f720, 0x000001838fc2da40, 0x000001838fc2fbf0,
0x000001838fc2f250, 0x000001838fc30a60, 0x000001838fc2b3c0, 0x000001838fc2e3e0,
0x000001838fc31400
}

Java Threads: ( => current thread )
  0x000001838aeefcc0 JavaThread "Reference Handler" daemon [_thread_blocked, id=15828, stack(0x0000006ba9200000,0x0000006ba9300000)]
  0x000001838aef11e0 JavaThread "Finalizer" daemon [_thread_blocked, id=14724, stack(0x0000006ba9300000,0x0000006ba9400000)]
  0x000001838aeff100 JavaThread "Signal Dispatcher" daemon [_thread_blocked, id=15568, stack(0x0000006ba9400000,0x0000006ba9500000)]
  0x000001838af029e0 JavaThread "Attach Listener" daemon [_thread_blocked, id=13812, stack(0x0000006ba9500000,0x0000006ba9600000)]
  0x000001838af032a0 JavaThread "Service Thread" daemon [_thread_blocked, id=6260, stack(0x0000006ba9600000,0x0000006ba9700000)]
  0x000001838af03b60 JavaThread "Monitor Deflation Thread" daemon [_thread_blocked, id=188, stack(0x0000006ba9700000,0x0000006ba9800000)]
  0x000001838af08470 JavaThread "C1 CompilerThread0" daemon [_thread_blocked, id=12700, stack(0x0000006ba9800000,0x0000006ba9900000)]
  0x000001838af04420 JavaThread "Sweeper thread" daemon [_thread_blocked, id=14708, stack(0x0000006ba9900000,0x0000006ba9a00000)]
  0x000001838b960670 JavaThread "Common-Cleaner" daemon [_thread_blocked, id=15908, stack(0x0000006ba9a00000,0x0000006ba9b00000)]
  0x000001838bd089d0 JavaThread "Monitor Ctrl-Break" daemon [_thread_in_native, id=12804, stack(0x0000006ba9c00000,0x0000006ba9d00000)]
  0x000001838bd0b100 JavaThread "Notification Thread" daemon [_thread_blocked, id=1796, stack(0x0000006ba9d00000,0x0000006ba9e00000)]
  0x000001838be7c3d0 JavaThread "RMI TCP Accept-0" daemon [_thread_in_native, id=17232, stack(0x0000006ba9e00000,0x0000006ba9f00000)]
  0x000001838c170a50 JavaThread "RMI Scheduler(0)" daemon [_thread_blocked, id=14892, stack(0x0000006baa500000,0x0000006baa600000)]
  0x000001838dbf3fa0 JavaThread "mysql-cj-abandoned-connection-cleanup" daemon [_thread_blocked, id=10416, stack(0x0000006baac00000,0x0000006baad00000)]
  0x000001838dbf4940 JavaThread "Live Reload Server" daemon [_thread_in_native, id=11768, stack(0x0000006bab200000,0x0000006bab300000)]
  0x000001838fc2aef0 JavaThread "DestroyJavaVM" [_thread_blocked, id=4520, stack(0x0000006ba8b00000,0x0000006ba8c00000)]
  0x000001838fc2e8b0 JavaThread "File Watcher" daemon [_thread_blocked, id=9604, stack(0x0000006baa400000,0x0000006baa500000)]
  0x000001838fc2f720 JavaThread "Thread-7" [_thread_blocked, id=17136, stack(0x0000006ba8a00000,0x0000006ba8b00000)]
  0x000001838fc2da40 JavaThread "File Watcher" daemon [_thread_blocked, id=10464, stack(0x0000006baa600000,0x0000006baa700000)]
  0x000001838fc2fbf0 JavaThread "restartedMain" [_thread_blocked, id=16828, stack(0x0000006baa700000,0x0000006baa800000)]
  0x000001838fc2f250 JavaThread "Catalina-utility-1" [_thread_blocked, id=15472, stack(0x0000006baa800000,0x0000006baa900000)]
  0x000001838fc30a60 JavaThread "Catalina-utility-2" [_thread_blocked, id=7920, stack(0x0000006baa900000,0x0000006baaa00000)]
  0x000001838fc2b3c0 JavaThread "container-2" [_thread_blocked, id=4040, stack(0x0000006baaa00000,0x0000006baab00000)]
  0x000001838fc2e3e0 JavaThread "HikariPool-5 housekeeper" daemon [_thread_blocked, id=13372, stack(0x0000006baab00000,0x0000006baac00000)]
  0x000001838fc31400 JavaThread "HikariPool-5 connection adder" daemon [_thread_blocked, id=1760, stack(0x0000006baad00000,0x0000006baae00000)]

Other Threads:
  0x000001838aee6130 VMThread "VM Thread" [stack: 0x0000006ba9100000,0x0000006ba9200000] [id=10752]
  0x000001838be8c5a0 WatcherThread [stack: 0x0000006ba9f00000,0x0000006baa000000] [id=10816]
  0x00000183f65e9a70 GCTaskThread "GC Thread#0" [stack: 0x0000006ba8c00000,0x0000006ba8d00000] [id=496]
=>0x000001838bed1040 GCTaskThread "GC Thread#1" [stack: 0x0000006baa000000,0x0000006baa100000] [id=17240]
  0x000001838bed12f0 GCTaskThread "GC Thread#2" [stack: 0x0000006baa100000,0x0000006baa200000] [id=224]
  0x000001838bf60680 GCTaskThread "GC Thread#3" [stack: 0x0000006baa200000,0x0000006baa300000] [id=16144]
  0x00000183f65f4870 ConcurrentGCThread "G1 Main Marker" [stack: 0x0000006ba8d00000,0x0000006ba8e00000] [id=8052]
  0x00000183f65f6a30 ConcurrentGCThread "G1 Conc#0" [stack: 0x0000006ba8e00000,0x0000006ba8f00000] [id=5688]
  0x00000183f6654080 ConcurrentGCThread "G1 Refine#0" [stack: 0x0000006ba8f00000,0x0000006ba9000000] [id=10092]
  0x000001838bf1a9d0 ConcurrentGCThread "G1 Refine#1" [stack: 0x0000006baa300000,0x0000006baa400000] [id=15688]
  0x000001838adc10a0 ConcurrentGCThread "G1 Service" [stack: 0x0000006ba9000000,0x0000006ba9100000] [id=10476]

Threads with active compile tasks:

VM state: at safepoint (normal execution)

VM Mutex/Monitor currently owned by a thread:  ([mutex/lock_event])
[0x00000183f65991c0] Threads_lock - owner thread: 0x000001838aee6130
[0x00000183f6597510] Heap_lock - owner thread: 0x000001838fc2fbf0

Heap address: 0x0000000761400000, size: 2540 MB, Compressed Oops mode: Zero based, Oop shift amount: 3

CDS archive(s) mapped at: [0x0000000800000000-0x0000000800bc0000-0x0000000800bc0000), size 12320768, SharedBaseAddress: 0x0000000800000000, ArchiveRelocationMode: 0.
Compressed class space mapped at: 0x0000000800c00000-0x0000000840c00000, reserved size: 1073741824
Narrow klass base: 0x0000000800000000, Narrow klass shift: 0, Narrow klass range: 0x100000000

GC Precious Log:
 CPUs: 4 total, 4 available
 Memory: 10154M
 Large Page Support: Disabled
 NUMA Support: Disabled
 Compressed Oops: Enabled (Zero based)
 Heap Region Size: 2M
 Heap Min Capacity: 8M
 Heap Initial Capacity: 160M
 Heap Max Capacity: 2540M
 Pre-touch: Disabled
 Parallel Workers: 4
 Concurrent Workers: 1
 Concurrent Refinement Workers: 4
 Periodic GC: Disabled

Heap:
 garbage-first heap   total 75776K, used 56148K [0x0000000761400000, 0x0000000800000000)
  region size 2048K, 19 young (38912K), 2 survivors (4096K)
 Metaspace       used 51805K, committed 52544K, reserved 1097728K
  class space    used 7055K, committed 7360K, reserved 1048576K

Heap Regions: E=young(eden), S=young(survivor), O=old, HS=humongous(starts), HC=humongous(continues), CS=collection set, F=free, OA=open archive, CA=closed archive, TAMS=top-at-mark-start (previous, next)
|   0|0x0000000761400000, 0x00000007615fffe0, 0x0000000761600000| 99%| O|  |TAMS 0x0000000761400000, 0x0000000761400000| Untracked 
|   1|0x0000000761600000, 0x00000007617fffd8, 0x0000000761800000| 99%| O|  |TAMS 0x0000000761600000, 0x0000000761600000| Untracked 
|   2|0x0000000761800000, 0x0000000761a00000, 0x0000000761a00000|100%| O|  |TAMS 0x0000000761a00000, 0x0000000761800000| Untracked 
|   3|0x0000000761a00000, 0x0000000761bffff0, 0x0000000761c00000| 99%| O|  |TAMS 0x0000000761a00000, 0x0000000761a00000| Untracked 
|   4|0x0000000761c00000, 0x0000000761dffff0, 0x0000000761e00000| 99%| O|  |TAMS 0x0000000761c00000, 0x0000000761c00000| Untracked 
|   5|0x0000000761e00000, 0x0000000761fffff8, 0x0000000762000000| 99%| O|  |TAMS 0x0000000761e00000, 0x0000000761e00000| Untracked 
|   6|0x0000000762000000, 0x00000007621fffc8, 0x0000000762200000| 99%| O|  |TAMS 0x0000000762000000, 0x0000000762000000| Untracked 
|   7|0x0000000762200000, 0x00000007623b2d10, 0x0000000762400000| 84%| O|  |TAMS 0x0000000762200000, 0x0000000762200000| Untracked 
|   8|0x0000000762400000, 0x0000000762400000, 0x0000000762600000|  0%| F|  |TAMS 0x0000000762400000, 0x0000000762400000| Untracked 
|   9|0x0000000762600000, 0x00000007627ffff0, 0x0000000762800000| 99%| O|  |TAMS 0x00000007627ffff0, 0x0000000762600000| Untracked 
|  10|0x0000000762800000, 0x0000000762800000, 0x0000000762a00000|  0%| F|  |TAMS 0x0000000762800000, 0x0000000762800000| Untracked 
|  11|0x0000000762a00000, 0x0000000762bffff8, 0x0000000762c00000| 99%| O|  |TAMS 0x0000000762a00000, 0x0000000762a00000| Untracked 
|  12|0x0000000762c00000, 0x0000000762c00000, 0x0000000762e00000|  0%| F|  |TAMS 0x0000000762c00000, 0x0000000762c00000| Untracked 
|  13|0x0000000762e00000, 0x0000000762e00000, 0x0000000763000000|  0%| F|  |TAMS 0x0000000762e00000, 0x0000000762e00000| Untracked 
|  14|0x0000000763000000, 0x0000000763000000, 0x0000000763200000|  0%| F|  |TAMS 0x0000000763000000, 0x0000000763000000| Untracked 
|  15|0x0000000763200000, 0x0000000763200000, 0x0000000763400000|  0%| F|  |TAMS 0x0000000763200000, 0x0000000763200000| Untracked 
|  16|0x0000000763400000, 0x0000000763536030, 0x0000000763600000| 60%| S|  |TAMS 0x0000000763400000, 0x0000000763400000| Complete 
|  17|0x0000000763600000, 0x0000000763647b58, 0x0000000763800000| 14%| O|  |TAMS 0x0000000763600000, 0x0000000763600000| Untracked 
|  18|0x0000000763800000, 0x00000007638daa48, 0x0000000763a00000| 42%| E|CS|TAMS 0x0000000763800000, 0x0000000763800000| Complete 
|  19|0x0000000763a00000, 0x0000000763c00000, 0x0000000763c00000|100%| S|  |TAMS 0x0000000763a00000, 0x0000000763a00000| Complete 
|  20|0x0000000763c00000, 0x0000000763e00000, 0x0000000763e00000|100%| E|CS|TAMS 0x0000000763c00000, 0x0000000763c00000| Complete 
|  21|0x0000000763e00000, 0x0000000764000000, 0x0000000764000000|100%| E|CS|TAMS 0x0000000763e00000, 0x0000000763e00000| Complete 
|  22|0x0000000764000000, 0x0000000764200000, 0x0000000764200000|100%| E|CS|TAMS 0x0000000764000000, 0x0000000764000000| Complete 
|  23|0x0000000764200000, 0x0000000764400000, 0x0000000764400000|100%| E|CS|TAMS 0x0000000764200000, 0x0000000764200000| Complete 
|  24|0x0000000764400000, 0x0000000764600000, 0x0000000764600000|100%| E|CS|TAMS 0x0000000764400000, 0x0000000764400000| Complete 
|  25|0x0000000764600000, 0x0000000764800000, 0x0000000764800000|100%| E|CS|TAMS 0x0000000764600000, 0x0000000764600000| Complete 
|  26|0x0000000764800000, 0x0000000764a00000, 0x0000000764a00000|100%| E|CS|TAMS 0x0000000764800000, 0x0000000764800000| Complete 
|  27|0x0000000764a00000, 0x0000000764c00000, 0x0000000764c00000|100%| E|CS|TAMS 0x0000000764a00000, 0x0000000764a00000| Complete 
|  28|0x0000000764c00000, 0x0000000764e00000, 0x0000000764e00000|100%| E|CS|TAMS 0x0000000764c00000, 0x0000000764c00000| Complete 
|  29|0x0000000764e00000, 0x0000000765000000, 0x0000000765000000|100%| E|CS|TAMS 0x0000000764e00000, 0x0000000764e00000| Complete 
|  30|0x0000000765000000, 0x0000000765200000, 0x0000000765200000|100%| E|CS|TAMS 0x0000000765000000, 0x0000000765000000| Complete 
|  31|0x0000000765200000, 0x0000000765400000, 0x0000000765400000|100%| E|CS|TAMS 0x0000000765200000, 0x0000000765200000| Complete 
|  32|0x0000000765400000, 0x0000000765600000, 0x0000000765600000|100%| E|CS|TAMS 0x0000000765400000, 0x0000000765400000| Complete 
|  33|0x0000000765600000, 0x0000000765800000, 0x0000000765800000|100%| E|CS|TAMS 0x0000000765600000, 0x0000000765600000| Complete 
|  34|0x0000000765800000, 0x0000000765a00000, 0x0000000765a00000|100%| E|CS|TAMS 0x0000000765800000, 0x0000000765800000| Complete 
|  35|0x0000000765a00000, 0x0000000765c00000, 0x0000000765c00000|100%| E|CS|TAMS 0x0000000765a00000, 0x0000000765a00000| Complete 
|  36|0x0000000765c00000, 0x0000000765e00000, 0x0000000765e00000|100%| E|CS|TAMS 0x0000000765c00000, 0x0000000765c00000| Complete 

Card table byte_map: [0x0000018383000000,0x0000018383500000] _byte_map_base: 0x000001837f4f6000

Marking Bits (Prev, Next): (CMBitMap*) 0x00000183f65ea0c0, (CMBitMap*) 0x00000183f65ea080
 Prev Bits: [0x00000183861b0000, 0x0000018388960000)
 Next Bits: [0x0000018383a00000, 0x00000183861b0000)

Polling page: 0x00000183f6460000

Metaspace:

Usage:
  Non-class:     43.70 MB used.
      Class:      6.89 MB used.
       Both:     50.59 MB used.

Virtual space:
  Non-class space:       48.00 MB reserved,      44.12 MB ( 92%) committed,  6 nodes.
      Class space:        1.00 GB reserved,       7.19 MB ( <1%) committed,  1 nodes.
             Both:        1.05 GB reserved,      51.31 MB (  5%) committed. 

Chunk freelists:
   Non-Class:  3.94 MB
       Class:  893.00 KB
        Both:  4.81 MB

MaxMetaspaceSize: unlimited
CompressedClassSpaceSize: 1.00 GB
Initial GC threshold: 21.00 MB
Current GC threshold: 85.56 MB
CDS: on
MetaspaceReclaimPolicy: balanced
 - commit_granule_bytes: 65536.
 - commit_granule_words: 8192.
 - virtual_space_node_default_size: 1048576.
 - enlarge_chunks_in_place: 1.
 - new_chunks_are_fully_committed: 0.
 - uncommit_free_chunks: 1.
 - use_allocation_guard: 0.
 - handle_deallocations: 1.


Internal statistics:

num_allocs_failed_limit: 9.
num_arena_births: 766.
num_arena_deaths: 260.
num_vsnodes_births: 7.
num_vsnodes_deaths: 0.
num_space_committed: 821.
num_space_uncommitted: 0.
num_chunks_returned_to_freelist: 314.
num_chunks_taken_from_freelist: 2765.
num_chunk_merges: 112.
num_chunk_splits: 1902.
num_chunks_enlarged: 1418.
num_purges: 4.
num_inconsistent_stats: 0.

CodeCache: size=49152Kb used=11721Kb max_used=12203Kb free=37430Kb
 bounds [0x0000018380000000, 0x0000018380bf0000, 0x0000018383000000]
 total_blobs=7163 nmethods=6537 adapters=553
 compilation: enabled
              stopped_count=0, restarted_count=0
 full_count=0

Compilation events (20 events):
Event: 731.812 Thread 0x000001838af08470 6528       1       net.bytebuddy.jar.asm.Handler::getExceptionTableLength (21 bytes)
Event: 731.812 Thread 0x000001838af08470 nmethod 6528 0x0000018380abb510 code [0x0000018380abb6a0, 0x0000018380abb778]
Event: 731.813 Thread 0x000001838af08470 6529       1       org.hibernate.property.access.internal.PropertyAccessFieldImpl::getGetter (5 bytes)
Event: 731.813 Thread 0x000001838af08470 nmethod 6529 0x0000018380abb210 code [0x0000018380abb3a0, 0x0000018380abb478]
Event: 731.813 Thread 0x000001838af08470 6530       1       org.hibernate.mapping.Property::getPersistentClass (5 bytes)
Event: 731.813 Thread 0x000001838af08470 nmethod 6530 0x0000018380abaf10 code [0x0000018380abb0a0, 0x0000018380abb178]
Event: 731.813 Thread 0x000001838af08470 6531       1       org.hibernate.property.access.spi.BuiltInPropertyAccessStrategies::getExternalName (5 bytes)
Event: 731.813 Thread 0x000001838af08470 nmethod 6531 0x0000018380abac10 code [0x0000018380abada0, 0x0000018380abae78]
Event: 731.813 Thread 0x000001838af08470 6532       1       org.hibernate.mapping.BasicValue::getResolution (5 bytes)
Event: 731.814 Thread 0x000001838af08470 nmethod 6532 0x0000018380aba910 code [0x0000018380abaaa0, 0x0000018380abab78]
Event: 731.814 Thread 0x000001838af08470 6533       1       org.hibernate.type.AbstractStandardBasicType::isComponentType (2 bytes)
Event: 731.814 Thread 0x000001838af08470 nmethod 6533 0x0000018380aba610 code [0x0000018380aba7a0, 0x0000018380aba878]
Event: 731.815 Thread 0x000001838af08470 6534       1       java.util.EnumMap::unmaskNull (13 bytes)
Event: 731.815 Thread 0x000001838af08470 nmethod 6534 0x0000018380aba310 code [0x0000018380aba4a0, 0x0000018380aba578]
Event: 731.828 Thread 0x000001838af08470 6535   !   1       jdk.proxy2.$Proxy52::annotationType (29 bytes)
Event: 731.828 Thread 0x000001838af08470 nmethod 6535 0x0000018380ab9e10 code [0x0000018380ab9fc0, 0x0000018380aba198]
Event: 731.830 Thread 0x000001838af08470 6536   !   1       jdk.proxy2.$Proxy102::annotationType (29 bytes)
Event: 731.830 Thread 0x000001838af08470 nmethod 6536 0x0000018380ab9910 code [0x0000018380ab9ac0, 0x0000018380ab9c98]
Event: 731.837 Thread 0x000001838af08470 6537       1       java.net.InetSocketAddress$InetSocketAddressHolder::getPort (5 bytes)
Event: 731.837 Thread 0x000001838af08470 nmethod 6537 0x0000018380ab9610 code [0x0000018380ab97a0, 0x0000018380ab9878]

GC Heap History (20 events):
Event: 5.389 GC heap after
{Heap after GC invocations=8 (full 0):
 garbage-first heap   total 59392K, used 17805K [0x0000000761400000, 0x0000000800000000)
  region size 2048K, 1 young (2048K), 1 survivors (2048K)
 Metaspace       used 31371K, committed 31808K, reserved 1081344K
  class space    used 4270K, committed 4480K, reserved 1048576K
}
Event: 5.903 GC heap before
{Heap before GC invocations=8 (full 0):
 garbage-first heap   total 59392K, used 32141K [0x0000000761400000, 0x0000000800000000)
  region size 2048K, 10 young (20480K), 1 survivors (2048K)
 Metaspace       used 35651K, committed 36096K, reserved 1081344K
  class space    used 4822K, committed 5056K, reserved 1048576K
}
Event: 5.907 GC heap after
{Heap after GC invocations=9 (full 0):
 garbage-first heap   total 59392K, used 18875K [0x0000000761400000, 0x0000000800000000)
  region size 2048K, 2 young (4096K), 2 survivors (4096K)
 Metaspace       used 35651K, committed 36096K, reserved 1081344K
  class space    used 4822K, committed 5056K, reserved 1048576K
}
Event: 6.675 GC heap before
{Heap before GC invocations=10 (full 0):
 garbage-first heap   total 59392K, used 43451K [0x0000000761400000, 0x0000000800000000)
  region size 2048K, 14 young (28672K), 2 survivors (4096K)
 Metaspace       used 41420K, committed 41984K, reserved 1089536K
  class space    used 5744K, committed 6016K, reserved 1048576K
}
Event: 6.681 GC heap after
{Heap after GC invocations=11 (full 0):
 garbage-first heap   total 59392K, used 20079K [0x0000000761400000, 0x0000000800000000)
  region size 2048K, 2 young (4096K), 2 survivors (4096K)
 Metaspace       used 41420K, committed 41984K, reserved 1089536K
  class space    used 5744K, committed 6016K, reserved 1048576K
}
Event: 7.401 GC heap before
{Heap before GC invocations=12 (full 0):
 garbage-first heap   total 59392K, used 42607K [0x0000000761400000, 0x0000000800000000)
  region size 2048K, 13 young (26624K), 2 survivors (4096K)
 Metaspace       used 43719K, committed 44224K, reserved 1089536K
  class space    used 6091K, committed 6336K, reserved 1048576K
}
Event: 7.410 GC heap after
{Heap after GC invocations=13 (full 0):
 garbage-first heap   total 59392K, used 22542K [0x0000000761400000, 0x0000000800000000)
  region size 2048K, 2 young (4096K), 2 survivors (4096K)
 Metaspace       used 43719K, committed 44224K, reserved 1089536K
  class space    used 6091K, committed 6336K, reserved 1048576K
}
Event: 25.677 GC heap before
{Heap before GC invocations=13 (full 0):
 garbage-first heap   total 59392K, used 40974K [0x0000000761400000, 0x0000000800000000)
  region size 2048K, 12 young (24576K), 2 survivors (4096K)
 Metaspace       used 48244K, committed 48896K, reserved 1097728K
  class space    used 6671K, committed 6976K, reserved 1048576K
}
Event: 25.686 GC heap after
{Heap after GC invocations=14 (full 0):
 garbage-first heap   total 100352K, used 23755K [0x0000000761400000, 0x0000000800000000)
  region size 2048K, 1 young (2048K), 1 survivors (2048K)
 Metaspace       used 48244K, committed 48896K, reserved 1097728K
  class space    used 6671K, committed 6976K, reserved 1048576K
}
Event: 610.970 GC heap before
{Heap before GC invocations=14 (full 0):
 garbage-first heap   total 100352K, used 46283K [0x0000000761400000, 0x0000000800000000)
  region size 2048K, 14 young (28672K), 1 survivors (2048K)
 Metaspace       used 51608K, committed 52160K, reserved 1097728K
  class space    used 7032K, committed 7296K, reserved 1048576K
}
Event: 611.024 GC heap after
{Heap after GC invocations=15 (full 1):
 garbage-first heap   total 81920K, used 21475K [0x0000000761400000, 0x0000000800000000)
  region size 2048K, 0 young (0K), 0 survivors (0K)
 Metaspace       used 51601K, committed 52160K, reserved 1097728K
  class space    used 7031K, committed 7296K, reserved 1048576K
}
Event: 629.808 GC heap before
{Heap before GC invocations=15 (full 1):
 garbage-first heap   total 81920K, used 58339K [0x0000000761400000, 0x0000000800000000)
  region size 2048K, 19 young (38912K), 0 survivors (0K)
 Metaspace       used 51826K, committed 52416K, reserved 1097728K
  class space    used 7085K, committed 7360K, reserved 1048576K
}
Event: 629.811 GC heap after
{Heap after GC invocations=16 (full 1):
 garbage-first heap   total 81920K, used 22688K [0x0000000761400000, 0x0000000800000000)
  region size 2048K, 1 young (2048K), 1 survivors (2048K)
 Metaspace       used 51826K, committed 52416K, reserved 1097728K
  class space    used 7085K, committed 7360K, reserved 1048576K
}
Event: 630.765 GC heap before
{Heap before GC invocations=16 (full 1):
 garbage-first heap   total 81920K, used 61600K [0x0000000761400000, 0x0000000800000000)
  region size 2048K, 20 young (40960K), 1 survivors (2048K)
 Metaspace       used 51987K, committed 52544K, reserved 1097728K
  class space    used 7102K, committed 7360K, reserved 1048576K
}
Event: 630.772 GC heap after
{Heap after GC invocations=17 (full 1):
 garbage-first heap   total 81920K, used 26018K [0x0000000761400000, 0x0000000800000000)
  region size 2048K, 3 young (6144K), 3 survivors (6144K)
 Metaspace       used 51987K, committed 52544K, reserved 1097728K
  class space    used 7102K, committed 7360K, reserved 1048576K
}
Event: 637.418 GC heap before
{Heap before GC invocations=17 (full 1):
 garbage-first heap   total 81920K, used 34210K [0x0000000761400000, 0x0000000800000000)
  region size 2048K, 8 young (16384K), 3 survivors (6144K)
 Metaspace       used 51993K, committed 52544K, reserved 1097728K
  class space    used 7104K, committed 7360K, reserved 1048576K
}
Event: 637.489 GC heap after
{Heap after GC invocations=18 (full 2):
 garbage-first heap   total 75776K, used 20457K [0x0000000761400000, 0x0000000800000000)
  region size 2048K, 0 young (0K), 0 survivors (0K)
 Metaspace       used 51694K, committed 52544K, reserved 1097728K
  class space    used 7039K, committed 7360K, reserved 1048576K
}
Event: 727.703 GC heap before
{Heap before GC invocations=18 (full 2):
 garbage-first heap   total 75776K, used 55273K [0x0000000761400000, 0x0000000800000000)
  region size 2048K, 18 young (36864K), 0 survivors (0K)
 Metaspace       used 51756K, committed 52544K, reserved 1097728K
  class space    used 7048K, committed 7360K, reserved 1048576K
}
Event: 727.705 GC heap after
{Heap after GC invocations=19 (full 2):
 garbage-first heap   total 75776K, used 21332K [0x0000000761400000, 0x0000000800000000)
  region size 2048K, 1 young (2048K), 1 survivors (2048K)
 Metaspace       used 51756K, committed 52544K, reserved 1097728K
  class space    used 7048K, committed 7360K, reserved 1048576K
}
Event: 731.842 GC heap before
{Heap before GC invocations=19 (full 2):
 garbage-first heap   total 75776K, used 56148K [0x0000000761400000, 0x0000000800000000)
  region size 2048K, 18 young (36864K), 1 survivors (2048K)
 Metaspace       used 51805K, committed 52544K, reserved 1097728K
  class space    used 7055K, committed 7360K, reserved 1048576K
}

Deoptimization events (16 events):
Event: 0.899 Thread 0x00000183f659bb40 DEOPT PACKING pc=0x00000183801eddad sp=0x0000006ba8bfdd90
Event: 0.899 Thread 0x00000183f659bb40 DEOPT UNPACKING pc=0x0000018380052b43 sp=0x0000006ba8bfd2f0 mode 3
Event: 1.144 Thread 0x00000183f659bb40 DEOPT PACKING pc=0x0000018380250781 sp=0x0000006ba8bfd6f0
Event: 1.144 Thread 0x00000183f659bb40 DEOPT UNPACKING pc=0x0000018380052b43 sp=0x0000006ba8bfcb48 mode 3
Event: 2.155 Thread 0x000001838c21ea90 DEOPT PACKING pc=0x0000018380535479 sp=0x0000006baa7fcb60
Event: 2.155 Thread 0x000001838c21ea90 DEOPT UNPACKING pc=0x0000018380052b43 sp=0x0000006baa7fc040 mode 3
Event: 4.437 Thread 0x000001838c21ea90 DEOPT PACKING pc=0x000001838077d965 sp=0x0000006baa7fbd10
Event: 4.437 Thread 0x000001838c21ea90 DEOPT UNPACKING pc=0x0000018380052b43 sp=0x0000006baa7fb278 mode 3
Event: 6.657 Thread 0x000001838c21ea90 DEOPT PACKING pc=0x0000018380899481 sp=0x0000006baa7fbe50
Event: 6.657 Thread 0x000001838c21ea90 DEOPT UNPACKING pc=0x0000018380052b43 sp=0x0000006baa7fb2c0 mode 3
Event: 7.311 Thread 0x000001838c21ea90 DEOPT PACKING pc=0x0000018380564852 sp=0x0000006baa7fd5d0
Event: 7.311 Thread 0x000001838c21ea90 DEOPT UNPACKING pc=0x0000018380052b43 sp=0x0000006baa7fcad8 mode 3
Event: 7.312 Thread 0x000001838c21ea90 DEOPT PACKING pc=0x0000018380547bd5 sp=0x0000006baa7fd590
Event: 7.312 Thread 0x000001838c21ea90 DEOPT UNPACKING pc=0x0000018380052b43 sp=0x0000006baa7fcad8 mode 3
Event: 630.635 Thread 0x000001838fc2b890 DEOPT PACKING pc=0x0000018380b9d579 sp=0x0000006baa6fc280
Event: 630.635 Thread 0x000001838fc2b890 DEOPT UNPACKING pc=0x0000018380052b43 sp=0x0000006baa6fb760 mode 3

Classes unloaded (20 events):
Event: 637.441 Thread 0x000001838aee6130 Unloading class 0x0000000800cec000 'java/lang/invoke/LambdaForm$MH+0x0000000800cec000'
Event: 637.441 Thread 0x000001838aee6130 Unloading class 0x0000000800ce2c00 'jdk/internal/reflect/GeneratedSerializationConstructorAccessor7'
Event: 637.441 Thread 0x000001838aee6130 Unloading class 0x0000000800ce2800 'jdk/internal/reflect/GeneratedSerializationConstructorAccessor6'
Event: 637.441 Thread 0x000001838aee6130 Unloading class 0x0000000800ce2400 'jdk/internal/reflect/GeneratedSerializationConstructorAccessor5'
Event: 637.441 Thread 0x000001838aee6130 Unloading class 0x0000000800ce2000 'jdk/internal/reflect/GeneratedSerializationConstructorAccessor4'
Event: 637.441 Thread 0x000001838aee6130 Unloading class 0x0000000800ce1000 'java/lang/invoke/LambdaForm$MH+0x0000000800ce1000'
Event: 637.441 Thread 0x000001838aee6130 Unloading class 0x0000000800ce0c00 'java/lang/invoke/LambdaForm$MH+0x0000000800ce0c00'
Event: 637.441 Thread 0x000001838aee6130 Unloading class 0x0000000800ce0800 'java/lang/invoke/LambdaForm$MH+0x0000000800ce0800'
Event: 637.441 Thread 0x000001838aee6130 Unloading class 0x0000000800ce0400 'java/lang/invoke/LambdaForm$MH+0x0000000800ce0400'
Event: 637.441 Thread 0x000001838aee6130 Unloading class 0x0000000800ce0000 'java/lang/invoke/LambdaForm$MH+0x0000000800ce0000'
Event: 637.441 Thread 0x000001838aee6130 Unloading class 0x0000000800cd9400 'java/lang/invoke/LambdaForm$MH+0x0000000800cd9400'
Event: 637.441 Thread 0x000001838aee6130 Unloading class 0x0000000800cc0800 'jdk/internal/reflect/GeneratedSerializationConstructorAccessor3'
Event: 637.441 Thread 0x000001838aee6130 Unloading class 0x0000000800cc0400 'jdk/internal/reflect/GeneratedSerializationConstructorAccessor2'
Event: 637.441 Thread 0x000001838aee6130 Unloading class 0x0000000800cc0000 'jdk/internal/reflect/GeneratedSerializationConstructorAccessor1'
Event: 637.441 Thread 0x000001838aee6130 Unloading class 0x0000000800c09000 'java/lang/invoke/LambdaForm$DMH+0x0000000800c09000'
Event: 637.441 Thread 0x000001838aee6130 Unloading class 0x0000000800c08800 'java/lang/invoke/LambdaForm$DMH+0x0000000800c08800'
Event: 637.441 Thread 0x000001838aee6130 Unloading class 0x0000000800c07c00 'jdk/internal/reflect/GeneratedConstructorAccessor1'
Event: 637.441 Thread 0x000001838aee6130 Unloading class 0x0000000800c05000 'java/lang/invoke/LambdaForm$MH+0x0000000800c05000'
Event: 637.441 Thread 0x000001838aee6130 Unloading class 0x0000000800c04c00 'java/lang/invoke/LambdaForm$MH+0x0000000800c04c00'
Event: 637.441 Thread 0x000001838aee6130 Unloading class 0x0000000800c04400 'java/lang/invoke/LambdaForm$MH+0x0000000800c04400'

Classes redefined (0 events):
No events

Internal exceptions (20 events):
Event: 638.146 Thread 0x000001838fc31400 Exception <a 'java/io/FileNotFoundException'{0x0000000764507ca0}> (0x0000000764507ca0) 
thrown [t:\workspace\open\src\hotspot\share\prims\jni.cpp, line 516]
Event: 638.182 Thread 0x000001838fc31400 Exception <a 'java/io/FileNotFoundException'{0x00000007642487f0}> (0x00000007642487f0) 
thrown [t:\workspace\open\src\hotspot\share\prims\jni.cpp, line 516]
Event: 638.327 Thread 0x000001838fc2fbf0 Exception <a 'java/lang/InterruptedException'{0x0000000763d07e98}: sleep interrupted> (0x0000000763d07e98) 
thrown [t:\workspace\open\src\hotspot\share\prims\jvm.cpp, line 3067]
Event: 638.337 Thread 0x000001838fc31400 Exception <a 'java/lang/NoClassDefFoundError'{0x0000000763d58838}: org/jooq/DSLContext> (0x0000000763d58838) 
thrown [t:\workspace\open\src\hotspot\share\oops\constantPool.cpp, line 835]
Event: 638.337 Thread 0x000001838fc31400 Exception <a 'java/lang/NoClassDefFoundError'{0x0000000763d59120}: io/r2dbc/spi/ConnectionFactory> (0x0000000763d59120) 
thrown [t:\workspace\open\src\hotspot\share\oops\constantPool.cpp, line 835]
Event: 638.338 Thread 0x000001838fc31400 Exception <a 'java/lang/NoClassDefFoundError'{0x0000000763d5d458}: jakarta/validation/ValidationException> (0x0000000763d5d458) 
thrown [t:\workspace\open\src\hotspot\share\oops\constantPool.cpp, line 835]
Event: 638.338 Thread 0x000001838fc31400 Exception <a 'java/lang/NoClassDefFoundError'{0x0000000763d60070}: liquibase/exception/ChangeLogParseException> (0x0000000763d60070) 
thrown [t:\workspace\open\src\hotspot\share\oops\constantPool.cpp, line 835]
Event: 638.339 Thread 0x000001838fc31400 Exception <a 'java/lang/reflect/InvocationTargetException'{0x0000000763d6dab0}> (0x0000000763d6dab0) 
thrown [t:\workspace\open\src\hotspot\share\runtime\reflection.cpp, line 1121]
Event: 730.736 Thread 0x000001838fc2fbf0 Exception <a 'sun/nio/fs/WindowsException'{0x0000000765cacb88}> (0x0000000765cacb88) 
thrown [t:\workspace\open\src\hotspot\share\prims\jni.cpp, line 516]
Event: 731.456 Thread 0x000001838fc2fbf0 Exception <a 'java/lang/NoClassDefFoundError'{0x0000000764bd55d8}: org/flywaydb/core/Flyway> (0x0000000764bd55d8) 
thrown [t:\workspace\open\src\hotspot\share\oops\constantPool.cpp, line 835]
Event: 731.456 Thread 0x000001838fc2fbf0 Exception <a 'java/lang/NoClassDefFoundError'{0x0000000764bd5c28}: liquibase/integration/spring/SpringLiquibase> (0x0000000764bd5c28) 
thrown [t:\workspace\open\src\hotspot\share\oops\constantPool.cpp, line 835]
Event: 731.472 Thread 0x000001838fc2fbf0 Exception <a 'java/lang/NoClassDefFoundError'{0x00000007648171a8}: org/jooq/DSLContext> (0x00000007648171a8) 
thrown [t:\workspace\open\src\hotspot\share\oops\constantPool.cpp, line 835]
Event: 731.473 Thread 0x000001838fc2fbf0 Exception <a 'java/lang/NoClassDefFoundError'{0x00000007648201f8}: org/springframework/batch/core/repository/JobRepository> (0x00000007648201f8) 
thrown [t:\workspace\open\src\hotspot\share\oops\constantPool.cpp, line 835]
Event: 731.473 Thread 0x000001838fc2fbf0 Exception <a 'java/lang/NoClassDefFoundError'{0x0000000764820840}: org/quartz/Scheduler> (0x0000000764820840) 
thrown [t:\workspace\open\src\hotspot\share\oops\constantPool.cpp, line 835]
Event: 731.473 Thread 0x000001838fc2fbf0 Exception <a 'java/lang/NoClassDefFoundError'{0x0000000764820eb0}: org/springframework/session/jdbc/JdbcIndexedSessionRepository> (0x0000000764820eb0) 
thrown [t:\workspace\open\src\hotspot\share\oops\constantPool.cpp, line 835]
Event: 731.601 Thread 0x000001838fc2fbf0 Exception <a 'sun/nio/fs/WindowsException'{0x00000007645208f0}> (0x00000007645208f0) 
thrown [t:\workspace\open\src\hotspot\share\prims\jni.cpp, line 516]
Event: 731.601 Thread 0x000001838fc2fbf0 Exception <a 'sun/nio/fs/WindowsException'{0x0000000764521018}> (0x0000000764521018) 
thrown [t:\workspace\open\src\hotspot\share\prims\jni.cpp, line 516]
Event: 731.601 Thread 0x000001838fc2fbf0 Exception <a 'sun/nio/fs/WindowsException'{0x0000000764521710}> (0x0000000764521710) 
thrown [t:\workspace\open\src\hotspot\share\prims\jni.cpp, line 516]
Event: 731.623 Thread 0x000001838fc2fbf0 Exception <a 'java/io/FileNotFoundException'{0x0000000764556c38}> (0x0000000764556c38) 
thrown [t:\workspace\open\src\hotspot\share\prims\jni.cpp, line 516]
Event: 731.661 Thread 0x000001838fc2fbf0 Exception <a 'java/io/FileNotFoundException'{0x0000000764297520}> (0x0000000764297520) 
thrown [t:\workspace\open\src\hotspot\share\prims\jni.cpp, line 516]

VM Operations (20 events):
Event: 629.811 Executing VM operation: G1CollectForAllocation done
Event: 630.641 Executing VM operation: ICBufferFull
Event: 630.641 Executing VM operation: ICBufferFull done
Event: 630.765 Executing VM operation: G1CollectForAllocation
Event: 630.772 Executing VM operation: G1CollectForAllocation done
Event: 631.781 Executing VM operation: Cleanup
Event: 631.782 Executing VM operation: Cleanup done
Event: 637.418 Executing VM operation: G1CollectFull
Event: 637.489 Executing VM operation: G1CollectFull done
Event: 637.542 Executing VM operation: ICBufferFull
Event: 637.542 Executing VM operation: ICBufferFull done
Event: 639.537 Executing VM operation: Cleanup
Event: 639.537 Executing VM operation: Cleanup done
Event: 727.703 Executing VM operation: G1CollectForAllocation
Event: 727.705 Executing VM operation: G1CollectForAllocation done
Event: 730.769 Executing VM operation: ICBufferFull
Event: 730.769 Executing VM operation: ICBufferFull done
Event: 731.774 Executing VM operation: Cleanup
Event: 731.774 Executing VM operation: Cleanup done
Event: 731.842 Executing VM operation: G1CollectForAllocation

Events (20 events):
Event: 638.183 Thread 0x000001838fc2f250 Thread added: 0x000001838fc2f250
Event: 638.184 Thread 0x000001838fc2b3c0 Thread added: 0x000001838fc2b3c0
Event: 638.184 Thread 0x000001838fc2fbf0 Thread added: 0x000001838fc2fbf0
Event: 638.244 Thread 0x000001838fc2ed80 Thread added: 0x000001838fc2ed80
Event: 638.323 Thread 0x000001838fc300c0 Thread added: 0x000001838fc300c0
Event: 638.324 Thread 0x000001838fc2ed80 Thread exited: 0x000001838fc2ed80
Event: 638.324 Thread 0x000001838fc300c0 Thread exited: 0x000001838fc300c0
Event: 638.327 Thread 0x000001838fc2fbf0 Thread exited: 0x000001838fc2fbf0
Event: 638.327 Thread 0x000001838fc2b3c0 Thread exited: 0x000001838fc2b3c0
Event: 638.327 Thread 0x000001838fc2f250 Thread exited: 0x000001838fc2f250
Event: 638.339 Thread 0x000001838fc31400 Thread exited: 0x000001838fc31400
Event: 638.339 Thread 0x000001838fc2da40 Thread added: 0x000001838fc2da40
Event: 730.704 Thread 0x000001838fc2fbf0 Thread added: 0x000001838fc2fbf0
Event: 730.835 Thread 0x000001838fc2d0a0 Thread added: 0x000001838fc2d0a0
Event: 730.896 Thread 0x000001838fc2d0a0 Thread exited: 0x000001838fc2d0a0
Event: 731.662 Thread 0x000001838fc2f250 Thread added: 0x000001838fc2f250
Event: 731.662 Thread 0x000001838fc30a60 Thread added: 0x000001838fc30a60
Event: 731.663 Thread 0x000001838fc2b3c0 Thread added: 0x000001838fc2b3c0
Event: 731.727 Thread 0x000001838fc2e3e0 Thread added: 0x000001838fc2e3e0
Event: 731.835 Thread 0x000001838fc31400 Thread added: 0x000001838fc31400


Dynamic libraries:
0x00007ff677170000 - 0x00007ff677180000 	C:\Program Files\Java\jdk-17.0.3.1\bin\java.exe
0x00007ffb766b0000 - 0x00007ffb768a8000 	C:\WINDOWS\SYSTEM32\ntdll.dll
0x00007ffb74bd0000 - 0x00007ffb74c8f000 	C:\WINDOWS\System32\KERNEL32.DLL
0x00007ffb73e80000 - 0x00007ffb74152000 	C:\WINDOWS\System32\KERNELBASE.dll
0x00007ffb74350000 - 0x00007ffb74450000 	C:\WINDOWS\System32\ucrtbase.dll
0x00007ffb6d0f0000 - 0x00007ffb6d108000 	C:\Program Files\Java\jdk-17.0.3.1\bin\jli.dll
0x00007ffb6b030000 - 0x00007ffb6b04a000 	C:\Program Files\Java\jdk-17.0.3.1\bin\VCRUNTIME140.dll
0x00007ffb74a70000 - 0x00007ffb74b1e000 	C:\WINDOWS\System32\ADVAPI32.dll
0x00007ffb75b10000 - 0x00007ffb75bae000 	C:\WINDOWS\System32\msvcrt.dll
0x00007ffb758c0000 - 0x00007ffb7595c000 	C:\WINDOWS\System32\sechost.dll
0x00007ffb74f50000 - 0x00007ffb75075000 	C:\WINDOWS\System32\RPCRT4.dll
0x00007ffb76020000 - 0x00007ffb761c1000 	C:\WINDOWS\System32\USER32.dll
0x00007ffb74160000 - 0x00007ffb74182000 	C:\WINDOWS\System32\win32u.dll
0x00007ffb75080000 - 0x00007ffb750ab000 	C:\WINDOWS\System32\GDI32.dll
0x00007ffb74240000 - 0x00007ffb7434f000 	C:\WINDOWS\System32\gdi32full.dll
0x00007ffb745e0000 - 0x00007ffb7467d000 	C:\WINDOWS\System32\msvcp_win.dll
0x00007ffb73170000 - 0x00007ffb7340a000 	C:\WINDOWS\WinSxS\amd64_microsoft.windows.common-controls_6595b64144ccf1df_6.0.19041.1110_none_60b5254171f9507e\COMCTL32.dll
0x00007ffb6e730000 - 0x00007ffb6e73a000 	C:\WINDOWS\SYSTEM32\VERSION.dll
0x00007ffb75130000 - 0x00007ffb75162000 	C:\WINDOWS\System32\IMM32.DLL
0x00007ffb71460000 - 0x00007ffb7146c000 	C:\Program Files\Java\jdk-17.0.3.1\bin\vcruntime140_1.dll
0x00007ffb54540000 - 0x00007ffb545cd000 	C:\Program Files\Java\jdk-17.0.3.1\bin\msvcp140.dll
0x00007ffaf9ff0000 - 0x00007ffafabb0000 	C:\Program Files\Java\jdk-17.0.3.1\bin\server\jvm.dll
0x00007ffb761d0000 - 0x00007ffb761d8000 	C:\WINDOWS\System32\PSAPI.DLL
0x00007ffb5acd0000 - 0x00007ffb5acd9000 	C:\WINDOWS\SYSTEM32\WSOCK32.dll
0x00007ffb53440000 - 0x00007ffb53467000 	C:\WINDOWS\SYSTEM32\WINMM.dll
0x00007ffb750b0000 - 0x00007ffb7511b000 	C:\WINDOWS\System32\WS2_32.dll
0x00007ffb70a30000 - 0x00007ffb70a42000 	C:\WINDOWS\SYSTEM32\kernel.appcore.dll
0x00007ffb6d0e0000 - 0x00007ffb6d0ea000 	C:\Program Files\Java\jdk-17.0.3.1\bin\jimage.dll
0x00007ffb737d0000 - 0x00007ffb739b4000 	C:\WINDOWS\SYSTEM32\DBGHELP.DLL
0x00007ffb73550000 - 0x00007ffb73585000 	C:\WINDOWS\SYSTEM32\dbgcore.DLL
0x00007ffb73da0000 - 0x00007ffb73e22000 	C:\WINDOWS\System32\bcryptPrimitives.dll
0x00007ffb6c520000 - 0x00007ffb6c52e000 	C:\Program Files\Java\jdk-17.0.3.1\bin\instrument.dll
0x00007ffb63380000 - 0x00007ffb633a5000 	C:\Program Files\Java\jdk-17.0.3.1\bin\java.dll
0x00007ffb53be0000 - 0x00007ffb53cb6000 	C:\Program Files\Java\jdk-17.0.3.1\bin\jsvml.dll
0x00007ffb75170000 - 0x00007ffb758b4000 	C:\WINDOWS\System32\SHELL32.dll
0x00007ffb72350000 - 0x00007ffb72ae2000 	C:\WINDOWS\SYSTEM32\windows.storage.dll
0x00007ffb76310000 - 0x00007ffb76665000 	C:\WINDOWS\System32\combase.dll
0x00007ffb73100000 - 0x00007ffb73130000 	C:\WINDOWS\SYSTEM32\Wldp.dll
0x00007ffb74c90000 - 0x00007ffb74d3d000 	C:\WINDOWS\System32\SHCORE.dll
0x00007ffb748e0000 - 0x00007ffb74935000 	C:\WINDOWS\System32\shlwapi.dll
0x00007ffb73ce0000 - 0x00007ffb73cff000 	C:\WINDOWS\SYSTEM32\profapi.dll
0x00007ffb63360000 - 0x00007ffb63378000 	C:\Program Files\Java\jdk-17.0.3.1\bin\zip.dll
0x00007ffb66da0000 - 0x00007ffb66db9000 	C:\Program Files\Java\jdk-17.0.3.1\bin\net.dll
0x00007ffb6c330000 - 0x00007ffb6c43c000 	C:\WINDOWS\SYSTEM32\WINHTTP.dll
0x00007ffb72ff0000 - 0x00007ffb7305a000 	C:\WINDOWS\system32\mswsock.dll
0x00007ffb65720000 - 0x00007ffb65736000 	C:\Program Files\Java\jdk-17.0.3.1\bin\nio.dll
0x00007ffb63340000 - 0x00007ffb6335a000 	C:\Program Files\JetBrains\IntelliJ IDEA 2022.1.2\bin\breakgen64.dll
0x00007ffb720a0000 - 0x00007ffb7216a000 	C:\WINDOWS\SYSTEM32\DNSAPI.dll
0x00007ffb72060000 - 0x00007ffb7209b000 	C:\WINDOWS\SYSTEM32\IPHLPAPI.DLL
0x00007ffb75120000 - 0x00007ffb75128000 	C:\WINDOWS\System32\NSI.dll
0x00007ffb636c0000 - 0x00007ffb636ca000 	C:\Windows\System32\rasadhlp.dll
0x00007ffb63150000 - 0x00007ffb631d0000 	C:\WINDOWS\System32\fwpuclnt.dll
0x00007ffb745b0000 - 0x00007ffb745d7000 	C:\WINDOWS\System32\bcrypt.dll
0x00007ffb633d0000 - 0x00007ffb633d9000 	C:\Program Files\Java\jdk-17.0.3.1\bin\management.dll
0x00007ffb600b0000 - 0x00007ffb600bb000 	C:\Program Files\Java\jdk-17.0.3.1\bin\management_ext.dll
0x00007ffb73b30000 - 0x00007ffb73b48000 	C:\WINDOWS\SYSTEM32\CRYPTSP.dll
0x0000000051370000 - 0x0000000051381000 	C:\Program Files\Common Files\Crypto Pro\AppCompat\cpadvai.dll
0x0000000051360000 - 0x0000000051367000 	C:\Program Files\Common Files\Crypto Pro\AppCompat\detoured.dll
0x00007ffb71cf0000 - 0x00007ffb71d24000 	C:\WINDOWS\system32\rsaenh.dll
0x00007ffb73ca0000 - 0x00007ffb73cce000 	C:\WINDOWS\SYSTEM32\USERENV.dll
0x00007ffb730f0000 - 0x00007ffb730fc000 	C:\WINDOWS\SYSTEM32\CRYPTBASE.dll
0x00007ffb666b0000 - 0x00007ffb666c7000 	C:\WINDOWS\SYSTEM32\dhcpcsvc6.DLL
0x00007ffb66c90000 - 0x00007ffb66cad000 	C:\WINDOWS\SYSTEM32\dhcpcsvc.DLL
0x00007ffb57170000 - 0x00007ffb57187000 	C:\WINDOWS\system32\napinsp.dll
0x00007ffb57150000 - 0x00007ffb5716b000 	C:\WINDOWS\system32\pnrpnsp.dll
0x00007ffb6e480000 - 0x00007ffb6e49d000 	C:\WINDOWS\system32\NLAapi.dll
0x00007ffb6d850000 - 0x00007ffb6d865000 	C:\WINDOWS\system32\wshbth.dll
0x00007ffb57130000 - 0x00007ffb57142000 	C:\WINDOWS\System32\winrnr.dll
0x00007ffb57c40000 - 0x00007ffb57c4e000 	C:\Program Files\Java\jdk-17.0.3.1\bin\sunmscapi.dll
0x00007ffb74450000 - 0x00007ffb745a6000 	C:\WINDOWS\System32\CRYPT32.dll
0x00007ffb73410000 - 0x00007ffb73437000 	C:\WINDOWS\SYSTEM32\ncrypt.dll
0x0000000051390000 - 0x00000000513af000 	C:\Program Files\Common Files\Crypto Pro\AppCompat\cpcrypt.dll
0x00007ffb73130000 - 0x00007ffb7316b000 	C:\WINDOWS\SYSTEM32\NTASN1.dll
0x00007ffb60190000 - 0x00007ffb60197000 	C:\WINDOWS\system32\wshunix.dll

dbghelp: loaded successfully - version: 4.0.5 - missing functions: none
symbol engine: initialized successfully - sym options: 0x614 - pdb path: .;C:\Program Files\Java\jdk-17.0.3.1\bin;C:\WINDOWS\SYSTEM32;C:\WINDOWS\WinSxS\amd64_microsoft.windows.common-controls_6595b64144ccf1df_6.0.19041.1110_none_60b5254171f9507e;C:\Program Files\Java\jdk-17.0.3.1\bin\server;C:\Program Files\JetBrains\IntelliJ IDEA 2022.1.2\bin;C:\Program Files\Common Files\Crypto Pro\AppCompat

VM Arguments:
jvm_args: -XX:TieredStopAtLevel=1 -Xverify:none -Dspring.output.ansi.enabled=always -Dcom.sun.management.jmxremote -Dspring.jmx.enabled=true -Dspring.liveBeansView.mbeanDomain -Dspring.application.admin.enabled=true -javaagent:C:\Program Files\JetBrains\IntelliJ IDEA 2022.1.2\lib\idea_rt.jar=54889:C:\Program Files\JetBrains\IntelliJ IDEA 2022.1.2\bin -Dfile.encoding=UTF-8 
java_command: com.soloveva.spring.springboot.spring_course_springboot.SpringCourseSpringBootApplication
java_class_path (initial): C:\ProjectSpring\spring_course_springBoot\target\classes;C:\ProjectSpring\spring_course_springBoot\lib\javax.persistence.jar;C:\ProjectSpring\spring_course_springBoot\lib\javax.jms.jar;C:\ProjectSpring\spring_course_springBoot\lib\javax.annotation.jar;C:\ProjectSpring\spring_course_springBoot\lib\javax.ejb.jar;C:\ProjectSpring\spring_course_springBoot\lib\javax.transaction.jar;C:\ProjectSpring\spring_course_springBoot\lib\javax.resource.jar;C:\ProjectSpring\spring_course_springBoot\lib\javax.servlet.jar;C:\ProjectSpring\spring_course_springBoot\lib\javax.servlet.jsp.jar;C:\ProjectSpring\spring_course_springBoot\lib\javax.servlet.jsp.jstl.jar;C:\Users\Administrator\.m2\repository\org\springframework\boot\spring-boot-starter-data-jpa\3.0.0\spring-boot-starter-data-jpa-3.0.0.jar;C:\Users\Administrator\.m2\repository\org\springframework\boot\spring-boot-starter-aop\3.0.0\spring-boot-starter-aop-3.0.0.jar;C:\Users\Administrator\.m2\repository\org\springframework\spring-aop\6.0.2\spring-aop-6.0.2.jar;C:\Users\Administrator\.m2\repository\org\aspectj\aspectjweaver\1.9.9.1\aspectjweaver-1.9.9.1.jar;C:\Users\Administrator\.m2\repository\org\springframework\boot\spring-boot-starter-jdbc\3.0.0\spring-boot-starter-jdbc-3.0.0.jar;C:\Users\Administrator\.m2\repository\com\zaxxer\HikariCP\5.0.1\HikariCP-5.0.1.jar;C:\Users\Administrator\.m2\repository\org\springframework\spring-jdbc\6.0.2\spring-jdbc-6.0.2.jar;C:\Users\Administrator\.m2\repository\org\hibernate\orm\hibernate-core\6.1.5.Final\hibernate-core-6.1.5.Final.jar;C:\Users\Administrator\.m2\repository\jakarta\persistence\jakarta.persistence-api\3.1.0\jakarta.persistence-api-3.1.0.jar;C:\Users\Administrator\.m2\repository\jakarta\transaction\jakarta.transaction-api\2.0.1\jakarta.transaction-api-2.0.1.jar;C:\Users\Administrator\.m2\repository\org\jboss\logging\jboss-logging\3.5.0.Final\jboss-logging-3.5.0.Final.jar;C:\Users\Administrator\.m2\repository\org\hibernate\common\hibernate-commons-annota
Launcher Type: SUN_STANDARD

[Global flags]
     intx CICompilerCount                          = 3                                         {product} {ergonomic}
     uint ConcGCThreads                            = 1                                         {product} {ergonomic}
     uint G1ConcRefinementThreads                  = 4                                         {product} {ergonomic}
   size_t G1HeapRegionSize                         = 2097152                                   {product} {ergonomic}
    uintx GCDrainStackTargetSize                   = 64                                        {product} {ergonomic}
   size_t InitialHeapSize                          = 167772160                                 {product} {ergonomic}
     bool ManagementServer                         = true                                      {product} {command line}
   size_t MarkStackSize                            = 4194304                                   {product} {ergonomic}
   size_t MaxHeapSize                              = 2663383040                                {product} {ergonomic}
   size_t MaxNewSize                               = 1598029824                                {product} {ergonomic}
   size_t MinHeapDeltaBytes                        = 2097152                                   {product} {ergonomic}
   size_t MinHeapSize                              = 8388608                                   {product} {ergonomic}
    uintx NonProfiledCodeHeapSize                  = 0                                      {pd product} {ergonomic}
     bool ProfileInterpreter                       = false                                  {pd product} {command line}
    uintx ProfiledCodeHeapSize                     = 0                                      {pd product} {ergonomic}
   size_t SoftMaxHeapSize                          = 2663383040                             {manageable} {ergonomic}
     intx TieredStopAtLevel                        = 1                                         {product} {command line}
     bool UseCompressedClassPointers               = true                           {product lp64_product} {ergonomic}
     bool UseCompressedOops                        = true                           {product lp64_product} {ergonomic}
     bool UseG1GC                                  = true                                      {product} {ergonomic}
     bool UseLargePagesIndividualAllocation        = false                                  {pd product} {ergonomic}

Logging:
Log output configuration:
 #0: stdout all=warning uptime,level,tags
 #1: stderr all=off uptime,level,tags

Environment Variables:
PATH=C:\sql_course\dbhomeXE\bin;C:\Program Files\Java\jdk-17.0.3.1\bin;C:\Program Files\Common Files\Oracle\Java\javapath;C:\Program Files (x86)\Common Files\Oracle\Java\javapath;C:\WINDOWS\system32;C:\WINDOWS;C:\WINDOWS\System32\Wbem;C:\WINDOWS\System32\WindowsPowerShell\v1.0\;C:\WINDOWS\System32\OpenSSH\;C:\Program Files\Git\cmd;C:\Program Files\MySQL\MySQL Shell 8.0\bin\;C:\Users\Administrator\AppData\Local\Microsoft\WindowsApps;
USERNAME=Administrator
OS=Windows_NT
PROCESSOR_IDENTIFIER=Intel64 Family 6 Model 61 Stepping 4, GenuineIntel



---------------  S Y S T E M  ---------------

OS:
 Windows 10 , 64 bit Build 19041 (10.0.19041.2364)
OS uptime: 1 days 5:37 hours

CPU: total 4 (initial active 4) (2 cores per cpu, 2 threads per core) family 6 model 61 stepping 4 microcode 0x2d, cx8, cmov, fxsr, ht, mmx, 3dnowpref, sse, sse2, sse3, ssse3, sse4.1, sse4.2, popcnt, lzcnt, tsc, tscinvbit, avx, avx2, aes, erms, clmul, bmi1, bmi2, adx, fma, vzeroupper, clflush

Memory: 4k page, system-wide physical 10154M (1589M free)
TotalPageFile size 15882M (AvailPageFile size 3074M)
current process WorkingSet (physical memory assigned to process): 200M, peak: 207M
current process commit charge ("private bytes"): 233M, peak: 272M

vm_info: Java HotSpot(TM) 64-Bit Server VM (17.0.3.1+2-LTS-6) for windows-amd64 JRE (17.0.3.1+2-LTS-6), built on Apr 25 2022 22:04:21 by "mach5one" with MS VC++ 16.8 / 16.9 (VS2019)

END.
